Release 14.7 - xst P.20131013 (nt64)
Copyright (c) 1995-2013 Xilinx, Inc.  All rights reserved.
--> Parameter TMPDIR set to xst/projnav.tmp


Total REAL time to Xst completion: 0.00 secs
Total CPU time to Xst completion: 0.15 secs
 
--> Parameter xsthdpdir set to xst


Total REAL time to Xst completion: 0.00 secs
Total CPU time to Xst completion: 0.15 secs
 
--> Reading design: SixBitCounter.prj

TABLE OF CONTENTS
  1) Synthesis Options Summary
  2) HDL Parsing
  3) HDL Elaboration
  4) HDL Synthesis
       4.1) HDL Synthesis Report
  5) Advanced HDL Synthesis
       5.1) Advanced HDL Synthesis Report
  6) Low Level Synthesis
  7) Partition Report
  8) Design Summary
       8.1) Primitive and Black Box Usage
       8.2) Device utilization summary
       8.3) Partition Resource Summary
       8.4) Timing Report
            8.4.1) Clock Information
            8.4.2) Asynchronous Control Signals Information
            8.4.3) Timing Summary
            8.4.4) Timing Details
            8.4.5) Cross Clock Domains Report


=========================================================================
*                      Synthesis Options Summary                        *
=========================================================================
---- Source Parameters
Input File Name                    : "SixBitCounter.prj"
Ignore Synthesis Constraint File   : NO

---- Target Parameters
Output File Name                   : "SixBitCounter"
Output Format                      : NGC
Target Device                      : xc6slx16-3-csg324

---- Source Options
Top Module Name                    : SixBitCounter
Automatic FSM Extraction           : YES
FSM Encoding Algorithm             : Auto
Safe Implementation                : No
FSM Style                          : LUT
RAM Extraction                     : Yes
RAM Style                          : Auto
ROM Extraction                     : Yes
Shift Register Extraction          : YES
ROM Style                          : Auto
Resource Sharing                   : YES
Asynchronous To Synchronous        : NO
Shift Register Minimum Size        : 2
Use DSP Block                      : Auto
Automatic Register Balancing       : No

---- Target Options
LUT Combining                      : Auto
Reduce Control Sets                : Auto
Add IO Buffers                     : YES
Global Maximum Fanout              : 100000
Add Generic Clock Buffer(BUFG)     : 16
Register Duplication               : YES
Optimize Instantiated Primitives   : NO
Use Clock Enable                   : Auto
Use Synchronous Set                : Auto
Use Synchronous Reset              : Auto
Pack IO Registers into IOBs        : Auto
Equivalent register Removal        : YES

---- General Options
Optimization Goal                  : Speed
Optimization Effort                : 1
Power Reduction                    : NO
Keep Hierarchy                     : No
Netlist Hierarchy                  : As_Optimized
RTL Output                         : Yes
Global Optimization                : AllClockNets
Read Cores                         : YES
Write Timing Constraints           : NO
Cross Clock Analysis               : NO
Hierarchy Separator                : /
Bus Delimiter                      : <>
Case Specifier                     : Maintain
Slice Utilization Ratio            : 100
BRAM Utilization Ratio             : 100
DSP48 Utilization Ratio            : 100
Auto BRAM Packing                  : NO
Slice Utilization Ratio Delta      : 5

=========================================================================


=========================================================================
*                          HDL Parsing                                  *
=========================================================================
Analyzing Verilog file "C:\Users\Sebastian\Documents\GitHub\Proyecto1Taller\MonitorVGA\SixBitCounter.v" into library work
Parsing module <SixBitCounter>.

=========================================================================
*                            HDL Elaboration                            *
=========================================================================

Elaborating module <SixBitCounter>.
WARNING:HDLCompiler:413 - "C:\Users\Sebastian\Documents\GitHub\Proyecto1Taller\MonitorVGA\SixBitCounter.v" Line 54: Result of 7-bit expression is truncated to fit in 6-bit target.
WARNING:HDLCompiler:413 - "C:\Users\Sebastian\Documents\GitHub\Proyecto1Taller\MonitorVGA\SixBitCounter.v" Line 55: Result of 32-bit expression is truncated to fit in 6-bit target.

=========================================================================
*                           HDL Synthesis                               *
=========================================================================

Synthesizing Unit <SixBitCounter>.
    Related source file is "C:\Users\Sebastian\Documents\GitHub\Proyecto1Taller\MonitorVGA\SixBitCounter.v".
    Found 1-bit register for signal <finish>.
    Found 6-bit register for signal <out>.
    Found 6-bit adder for signal <out[5]_GND_1_o_add_3_OUT> created at line 54.
    Found 6-bit subtractor for signal <GND_1_o_GND_1_o_sub_5_OUT<5:0>> created at line 55.
    Summary:
	inferred   1 Adder/Subtractor(s).
	inferred   7 D-type flip-flop(s).
	inferred   1 Multiplexer(s).
Unit <SixBitCounter> synthesized.

=========================================================================
HDL Synthesis Report

Macro Statistics
# Adders/Subtractors                                   : 1
 6-bit addsub                                          : 1
# Registers                                            : 2
 1-bit register                                        : 1
 6-bit register                                        : 1
# Multiplexers                                         : 1
 6-bit 2-to-1 multiplexer                              : 1

=========================================================================

=========================================================================
*                       Advanced HDL Synthesis                          *
=========================================================================


Synthesizing (advanced) Unit <SixBitCounter>.
The following registers are absorbed into counter <out>: 1 register on signal <out>.
Unit <SixBitCounter> synthesized (advanced).

=========================================================================
Advanced HDL Synthesis Report

Macro Statistics
# Counters                                             : 1
 6-bit updown counter                                  : 1
# Registers                                            : 1
 Flip-Flops                                            : 1

=========================================================================

=========================================================================
*                         Low Level Synthesis                           *
=========================================================================

Optimizing unit <SixBitCounter> ...

Mapping all equations...
Building and optimizing final netlist ...
Found area constraint ratio of 100 (+ 5) on block SixBitCounter, actual ratio is 0.

Final Macro Processing ...

=========================================================================
Final Register Report

Macro Statistics
# Registers                                            : 7
 Flip-Flops                                            : 7

=========================================================================

=========================================================================
*                           Partition Report                            *
=========================================================================

Partition Implementation Status
-------------------------------

  No Partitions were found in this design.

-------------------------------

=========================================================================
*                            Design Summary                             *
=========================================================================

Top Level Output File Name         : SixBitCounter.ngc

Primitive and Black Box Usage:
------------------------------
# BELS                             : 21
#      LUT2                        : 1
#      LUT3                        : 5
#      LUT4                        : 3
#      LUT5                        : 3
#      LUT6                        : 9
# FlipFlops/Latches                : 7
#      FD                          : 1
#      FDR                         : 6
# Clock Buffers                    : 1
#      BUFGP                       : 1
# IO Buffers                       : 10
#      IBUF                        : 3
#      OBUF                        : 7

Device utilization summary:
---------------------------

Selected Device : 6slx16csg324-3 


Slice Logic Utilization: 
 Number of Slice Registers:               7  out of  18224     0%  
 Number of Slice LUTs:                   21  out of   9112     0%  
    Number used as Logic:                21  out of   9112     0%  

Slice Logic Distribution: 
 Number of LUT Flip Flop pairs used:     21
   Number with an unused Flip Flop:      14  out of     21    66%  
   Number with an unused LUT:             0  out of     21     0%  
   Number of fully used LUT-FF pairs:     7  out of     21    33%  
   Number of unique control sets:         2

IO Utilization: 
 Number of IOs:                          11
 Number of bonded IOBs:                  11  out of    232     4%  

Specific Feature Utilization:
 Number of BUFG/BUFGCTRLs:                1  out of     16     6%  

---------------------------
Partition Resource Summary:
---------------------------

  No Partitions were found in this design.

---------------------------


=========================================================================
Timing Report

NOTE: THESE TIMING NUMBERS ARE ONLY A SYNTHESIS ESTIMATE.
      FOR ACCURATE TIMING INFORMATION PLEASE REFER TO THE TRACE REPORT
      GENERATED AFTER PLACE-and-ROUTE.

Clock Information:
------------------
-----------------------------------+------------------------+-------+
Clock Signal                       | Clock buffer(FF name)  | Load  |
-----------------------------------+------------------------+-------+
clk                                | BUFGP                  | 7     |
-----------------------------------+------------------------+-------+

Asynchronous Control Signals Information:
----------------------------------------
No asynchronous control signals found in this design

Timing Summary:
---------------
Speed Grade: -3

   Minimum period: 4.105ns (Maximum Frequency: 243.611MHz)
   Minimum input arrival time before clock: 5.145ns
   Maximum output required time after clock: 3.874ns
   Maximum combinational path delay: No path found

Timing Details:
---------------
All values displayed in nanoseconds (ns)

=========================================================================
Timing constraint: Default period analysis for Clock 'clk'
  Clock period: 4.105ns (frequency: 243.611MHz)
  Total number of paths / destination ports: 97 / 7
-------------------------------------------------------------------------
Delay:               4.105ns (Levels of Logic = 4)
  Source:            out_4 (FF)
  Destination:       out_5 (FF)
  Source Clock:      clk rising
  Destination Clock: clk rising

  Data Path: out_4 to out_5
                                Gate     Net
    Cell:in->out      fanout   Delay   Delay  Logical Name (Net Name)
    ----------------------------------------  ------------
     FDR:C->Q             10   0.447   0.961  out_4 (out_4)
     LUT2:I0->O            1   0.203   0.580  finish_PWR_1_o_MUX_8_o_SW1 (N6)
     LUT6:I5->O            2   0.205   0.617  Mcount_out_cy<1>11 (Mcount_out_cy<1>)
     LUT6:I5->O            1   0.205   0.580  Mcount_out_xor<5>11 (Mcount_out6)
     LUT5:I4->O            1   0.205   0.000  out_5_glue_set (out_5_glue_set)
     FDR:D                     0.102          out_5
    ----------------------------------------
    Total                      4.105ns (1.367ns logic, 2.738ns route)
                                       (33.3% logic, 66.7% route)

=========================================================================
Timing constraint: Default OFFSET IN BEFORE for Clock 'clk'
  Total number of paths / destination ports: 52 / 13
-------------------------------------------------------------------------
Offset:              5.145ns (Levels of Logic = 5)
  Source:            forward (PAD)
  Destination:       out_5 (FF)
  Destination Clock: clk rising

  Data Path: forward to out_5
                                Gate     Net
    Cell:in->out      fanout   Delay   Delay  Logical Name (Net Name)
    ----------------------------------------  ------------
     IBUF:I->O            10   1.222   1.085  forward_IBUF (forward_IBUF)
     LUT3:I0->O            2   0.205   0.617  finish_PWR_1_o_MUX_8_o_SW0 (N2)
     LUT6:I5->O            2   0.205   0.721  finish_PWR_1_o_MUX_8_o (finish_PWR_1_o_MUX_8_o)
     LUT6:I4->O            1   0.203   0.580  Mcount_out_xor<5>11 (Mcount_out6)
     LUT5:I4->O            1   0.205   0.000  out_5_glue_set (out_5_glue_set)
     FDR:D                     0.102          out_5
    ----------------------------------------
    Total                      5.145ns (2.142ns logic, 3.003ns route)
                                       (41.6% logic, 58.4% route)

=========================================================================
Timing constraint: Default OFFSET OUT AFTER for Clock 'clk'
  Total number of paths / destination ports: 7 / 7
-------------------------------------------------------------------------
Offset:              3.874ns (Levels of Logic = 1)
  Source:            out_4 (FF)
  Destination:       out<4> (PAD)
  Source Clock:      clk rising

  Data Path: out_4 to out<4>
                                Gate     Net
    Cell:in->out      fanout   Delay   Delay  Logical Name (Net Name)
    ----------------------------------------  ------------
     FDR:C->Q             10   0.447   0.856  out_4 (out_4)
     OBUF:I->O                 2.571          out_4_OBUF (out<4>)
    ----------------------------------------
    Total                      3.874ns (3.018ns logic, 0.856ns route)
                                       (77.9% logic, 22.1% route)

=========================================================================

Cross Clock Domains Report:
--------------------------

Clock to Setup on destination clock clk
---------------+---------+---------+---------+---------+
               | Src:Rise| Src:Fall| Src:Rise| Src:Fall|
Source Clock   |Dest:Rise|Dest:Rise|Dest:Fall|Dest:Fall|
---------------+---------+---------+---------+---------+
clk            |    4.105|         |         |         |
---------------+---------+---------+---------+---------+

=========================================================================


Total REAL time to Xst completion: 7.00 secs
Total CPU time to Xst completion: 6.91 secs
 
--> 

Total memory usage is 278868 kilobytes

Number of errors   :    0 (   0 filtered)
Number of warnings :    2 (   0 filtered)
Number of infos    :    0 (   0 filtered)

