Command line:
   FrecuencyDivider_isim_beh.exe
     -simmode  gui
     -simrunnum  0
     -socket  63588

Sat Sep 03 17:38:04 2016


 Elaboration Time: 0.0625 sec

 Current Memory Usage: 839.655 Meg

 Total Signals          : 14
 Total Nets             : 41
 Total Signal Drivers   : 7
 Total Blocks           : 2
 Total Primitive Blocks : 2
 Total Processes        : 9
 Total Traceable Variables  : 20
 Total Scalar Nets and Variables : 148
Total Line Count : 27

 Total Simulation Time: 0.0625 sec

 Current Memory Usage: 839.655 Meg

Sat Sep 03 17:38:05 2016

