Command line:
   FourBitCounter_isim_beh.exe
     -simmode  gui
     -simrunnum  0
     -socket  50356

Mon Aug 29 14:09:36 2016


 Elaboration Time: 0.046875 sec

 Current Memory Usage: 840.143 Meg

 Total Signals          : 16
 Total Nets             : 24
 Total Signal Drivers   : 6
 Total Blocks           : 2
 Total Primitive Blocks : 2
 Total Processes        : 8
 Total Traceable Variables  : 19
 Total Scalar Nets and Variables : 112
Total Line Count : 19

 Total Simulation Time: 0.0625 sec

 Current Memory Usage: 840.143 Meg

Mon Aug 29 14:09:43 2016

