Release 14.7 - xst P.20131013 (nt64)
Copyright (c) 1995-2013 Xilinx, Inc.  All rights reserved.
--> Parameter TMPDIR set to xst/projnav.tmp


Total REAL time to Xst completion: 0.00 secs
Total CPU time to Xst completion: 0.14 secs
 
--> Parameter xsthdpdir set to xst


Total REAL time to Xst completion: 0.00 secs
Total CPU time to Xst completion: 0.14 secs
 
--> Reading design: Chip.prj

TABLE OF CONTENTS
  1) Synthesis Options Summary
  2) HDL Parsing
  3) HDL Elaboration
  4) HDL Synthesis
       4.1) HDL Synthesis Report
  5) Advanced HDL Synthesis
       5.1) Advanced HDL Synthesis Report
  6) Low Level Synthesis
  7) Partition Report
  8) Design Summary
       8.1) Primitive and Black Box Usage
       8.2) Device utilization summary
       8.3) Partition Resource Summary
       8.4) Timing Report
            8.4.1) Clock Information
            8.4.2) Asynchronous Control Signals Information
            8.4.3) Timing Summary
            8.4.4) Timing Details
            8.4.5) Cross Clock Domains Report


=========================================================================
*                      Synthesis Options Summary                        *
=========================================================================
---- Source Parameters
Input File Name                    : "Chip.prj"
Ignore Synthesis Constraint File   : NO

---- Target Parameters
Output File Name                   : "Chip"
Output Format                      : NGC
Target Device                      : xc6slx16-3-csg324

---- Source Options
Top Module Name                    : Chip
Automatic FSM Extraction           : YES
FSM Encoding Algorithm             : Auto
Safe Implementation                : No
FSM Style                          : LUT
RAM Extraction                     : Yes
RAM Style                          : Auto
ROM Extraction                     : Yes
Shift Register Extraction          : YES
ROM Style                          : Auto
Resource Sharing                   : YES
Asynchronous To Synchronous        : NO
Shift Register Minimum Size        : 2
Use DSP Block                      : Auto
Automatic Register Balancing       : No

---- Target Options
LUT Combining                      : Auto
Reduce Control Sets                : Auto
Add IO Buffers                     : YES
Global Maximum Fanout              : 100000
Add Generic Clock Buffer(BUFG)     : 16
Register Duplication               : YES
Optimize Instantiated Primitives   : NO
Use Clock Enable                   : Auto
Use Synchronous Set                : Auto
Use Synchronous Reset              : Auto
Pack IO Registers into IOBs        : Auto
Equivalent register Removal        : YES

---- General Options
Optimization Goal                  : Speed
Optimization Effort                : 1
Power Reduction                    : NO
Keep Hierarchy                     : No
Netlist Hierarchy                  : As_Optimized
RTL Output                         : Yes
Global Optimization                : AllClockNets
Read Cores                         : YES
Write Timing Constraints           : NO
Cross Clock Analysis               : NO
Hierarchy Separator                : /
Bus Delimiter                      : <>
Case Specifier                     : Maintain
Slice Utilization Ratio            : 100
BRAM Utilization Ratio             : 100
DSP48 Utilization Ratio            : 100
Auto BRAM Packing                  : NO
Slice Utilization Ratio Delta      : 5

=========================================================================


=========================================================================
*                          HDL Parsing                                  *
=========================================================================
Analyzing Verilog file "C:\Users\Sebastian\Documents\GitHub\Proyecto1Taller\Contador7Segmentos\SevenSegDeco.v" into library work
Parsing module <SevenSegDeco>.
Analyzing Verilog file "C:\Users\Sebastian\Documents\GitHub\Proyecto1Taller\Contador7Segmentos\FrecuencyDivider.v" into library work
Parsing module <FrecuencyDivider>.
Analyzing Verilog file "C:\Users\Sebastian\Documents\GitHub\Proyecto1Taller\Contador7Segmentos\FourBitCounter.v" into library work
Parsing module <FourBitCounter>.
Analyzing Verilog file "C:\Users\Sebastian\Documents\GitHub\Proyecto1Taller\Contador7Segmentos\Debouncer.v" into library work
Parsing module <Debouncer>.
Analyzing Verilog file "C:\Users\Sebastian\Documents\GitHub\Proyecto1Taller\Contador7Segmentos\StateMachine.v" into library work
Parsing module <StateMachine>.
Analyzing Verilog file "C:\Users\Sebastian\Documents\GitHub\Proyecto1Taller\Contador7Segmentos\GlobalDebouncer.v" into library work
Parsing module <GlobalDebouncer>.
Analyzing Verilog file "C:\Users\Sebastian\Documents\GitHub\Proyecto1Taller\Contador7Segmentos\Counter.v" into library work
Parsing module <Counter>.
Analyzing Verilog file "C:\Users\Sebastian\Documents\GitHub\Proyecto1Taller\Contador7Segmentos\Chip.v" into library work
Parsing module <Chip>.

=========================================================================
*                            HDL Elaboration                            *
=========================================================================

Elaborating module <Chip>.

Elaborating module <GlobalDebouncer>.

Elaborating module <Debouncer>.
WARNING:HDLCompiler:413 - "C:\Users\Sebastian\Documents\GitHub\Proyecto1Taller\Contador7Segmentos\Debouncer.v" Line 55: Result of 20-bit expression is truncated to fit in 19-bit target.

Elaborating module <StateMachine>.

Elaborating module <Counter>.

Elaborating module <FrecuencyDivider>.
WARNING:HDLCompiler:413 - "C:\Users\Sebastian\Documents\GitHub\Proyecto1Taller\Contador7Segmentos\FrecuencyDivider.v" Line 46: Result of 28-bit expression is truncated to fit in 27-bit target.
WARNING:HDLCompiler:413 - "C:\Users\Sebastian\Documents\GitHub\Proyecto1Taller\Contador7Segmentos\FrecuencyDivider.v" Line 51: Result of 28-bit expression is truncated to fit in 27-bit target.

Elaborating module <FourBitCounter>.
WARNING:HDLCompiler:413 - "C:\Users\Sebastian\Documents\GitHub\Proyecto1Taller\Contador7Segmentos\FourBitCounter.v" Line 61: Result of 5-bit expression is truncated to fit in 4-bit target.
WARNING:HDLCompiler:413 - "C:\Users\Sebastian\Documents\GitHub\Proyecto1Taller\Contador7Segmentos\FourBitCounter.v" Line 62: Result of 32-bit expression is truncated to fit in 4-bit target.

Elaborating module <SevenSegDeco>.
WARNING:HDLCompiler:413 - "C:\Users\Sebastian\Documents\GitHub\Proyecto1Taller\Contador7Segmentos\SevenSegDeco.v" Line 38: Result of 19-bit expression is truncated to fit in 18-bit target.

=========================================================================
*                           HDL Synthesis                               *
=========================================================================

Synthesizing Unit <Chip>.
    Related source file is "C:\Users\Sebastian\Documents\GitHub\Proyecto1Taller\Contador7Segmentos\Chip.v".
    Summary:
	no macro.
Unit <Chip> synthesized.

Synthesizing Unit <GlobalDebouncer>.
    Related source file is "C:\Users\Sebastian\Documents\GitHub\Proyecto1Taller\Contador7Segmentos\GlobalDebouncer.v".
    Summary:
	no macro.
Unit <GlobalDebouncer> synthesized.

Synthesizing Unit <Debouncer>.
    Related source file is "C:\Users\Sebastian\Documents\GitHub\Proyecto1Taller\Contador7Segmentos\Debouncer.v".
    Found 3-bit register for signal <state_reg>.
    Found 19-bit register for signal <q_reg>.
    Found finite state machine <FSM_0> for signal <state_reg>.
    -----------------------------------------------------------------------
    | States             | 8                                              |
    | Transitions        | 22                                             |
    | Inputs             | 2                                              |
    | Outputs            | 1                                              |
    | Clock              | clk (rising_edge)                              |
    | Reset              | reset (positive)                               |
    | Reset type         | asynchronous                                   |
    | Reset State        | 000                                            |
    | Encoding           | auto                                           |
    | Implementation     | LUT                                            |
    -----------------------------------------------------------------------
    Found 19-bit adder for signal <q_next> created at line 55.
    Summary:
	inferred   1 Adder/Subtractor(s).
	inferred  19 D-type flip-flop(s).
	inferred   1 Finite State Machine(s).
Unit <Debouncer> synthesized.

Synthesizing Unit <StateMachine>.
    Related source file is "C:\Users\Sebastian\Documents\GitHub\Proyecto1Taller\Contador7Segmentos\StateMachine.v".
    Found 1-bit register for signal <finishAux>.
    Found 2-bit register for signal <state>.
    Found finite state machine <FSM_1> for signal <state>.
    -----------------------------------------------------------------------
    | States             | 4                                              |
    | Transitions        | 13                                             |
    | Inputs             | 6                                              |
    | Outputs            | 5                                              |
    | Clock              | clk (rising_edge)                              |
    | Power Up State     | 00                                             |
    | Encoding           | auto                                           |
    | Implementation     | LUT                                            |
    -----------------------------------------------------------------------
WARNING:Xst:737 - Found 1-bit latch for signal <enable>. Latches may be generated from incomplete case or if statements. We do not recommend the use of latches in FPGA/CPLD designs, as they may lead to timing problems.
WARNING:Xst:737 - Found 1-bit latch for signal <forward>. Latches may be generated from incomplete case or if statements. We do not recommend the use of latches in FPGA/CPLD designs, as they may lead to timing problems.
WARNING:Xst:737 - Found 1-bit latch for signal <killStateMachine>. Latches may be generated from incomplete case or if statements. We do not recommend the use of latches in FPGA/CPLD designs, as they may lead to timing problems.
    Summary:
	inferred   1 D-type flip-flop(s).
	inferred   3 Latch(s).
	inferred   1 Finite State Machine(s).
Unit <StateMachine> synthesized.

Synthesizing Unit <Counter>.
    Related source file is "C:\Users\Sebastian\Documents\GitHub\Proyecto1Taller\Contador7Segmentos\Counter.v".
INFO:Xst:3210 - "C:\Users\Sebastian\Documents\GitHub\Proyecto1Taller\Contador7Segmentos\Counter.v" line 31: Output port <counter> of the instance <frecuency_divider> is unconnected or connected to loadless signal.
    Summary:
	no macro.
Unit <Counter> synthesized.

Synthesizing Unit <FrecuencyDivider>.
    Related source file is "C:\Users\Sebastian\Documents\GitHub\Proyecto1Taller\Contador7Segmentos\FrecuencyDivider.v".
    Found 1-bit register for signal <clk_1Hz>.
    Found 27-bit register for signal <counter>.
    Found 27-bit adder for signal <counter[26]_GND_9_o_add_4_OUT> created at line 51.
    Found 27-bit comparator greater for signal <PWR_9_o_counter[26]_LessThan_2_o> created at line 38
    Found 27-bit comparator lessequal for signal <counter[26]_GND_9_o_LessThan_3_o> created at line 43
    Summary:
	inferred   1 Adder/Subtractor(s).
	inferred  28 D-type flip-flop(s).
	inferred   2 Comparator(s).
Unit <FrecuencyDivider> synthesized.

Synthesizing Unit <FourBitCounter>.
    Related source file is "C:\Users\Sebastian\Documents\GitHub\Proyecto1Taller\Contador7Segmentos\FourBitCounter.v".
    Found 1-bit register for signal <finish>.
    Found 4-bit register for signal <out>.
    Found 4-bit adder for signal <out[3]_GND_10_o_add_3_OUT> created at line 61.
    Found 4-bit subtractor for signal <GND_10_o_GND_10_o_sub_5_OUT<3:0>> created at line 62.
    Summary:
	inferred   1 Adder/Subtractor(s).
	inferred   5 D-type flip-flop(s).
Unit <FourBitCounter> synthesized.

Synthesizing Unit <SevenSegDeco>.
    Related source file is "C:\Users\Sebastian\Documents\GitHub\Proyecto1Taller\Contador7Segmentos\SevenSegDeco.v".
WARNING:Xst:647 - Input <clock> is never used. This port will be preserved and left unconnected if it belongs to a top-level block or it belongs to a sub-block and the hierarchy of this sub-block is preserved.
WARNING:Xst:647 - Input <reset> is never used. This port will be preserved and left unconnected if it belongs to a top-level block or it belongs to a sub-block and the hierarchy of this sub-block is preserved.
    Found 16x7-bit Read Only RAM for signal <sseg_temp>
    Summary:
	inferred   1 RAM(s).
Unit <SevenSegDeco> synthesized.

=========================================================================
HDL Synthesis Report

Macro Statistics
# RAMs                                                 : 1
 16x7-bit single-port Read Only RAM                    : 1
# Adders/Subtractors                                   : 5
 19-bit adder                                          : 3
 27-bit adder                                          : 1
 4-bit addsub                                          : 1
# Registers                                            : 8
 1-bit register                                        : 3
 19-bit register                                       : 3
 27-bit register                                       : 1
 4-bit register                                        : 1
# Latches                                              : 3
 1-bit latch                                           : 3
# Comparators                                          : 2
 27-bit comparator greater                             : 1
 27-bit comparator lessequal                           : 1
# FSMs                                                 : 4

=========================================================================

=========================================================================
*                       Advanced HDL Synthesis                          *
=========================================================================


Synthesizing (advanced) Unit <Debouncer>.
The following registers are absorbed into counter <q_reg>: 1 register on signal <q_reg>.
Unit <Debouncer> synthesized (advanced).

Synthesizing (advanced) Unit <FourBitCounter>.
The following registers are absorbed into counter <out>: 1 register on signal <out>.
Unit <FourBitCounter> synthesized (advanced).

Synthesizing (advanced) Unit <FrecuencyDivider>.
The following registers are absorbed into counter <counter>: 1 register on signal <counter>.
Unit <FrecuencyDivider> synthesized (advanced).

Synthesizing (advanced) Unit <SevenSegDeco>.
INFO:Xst:3218 - HDL ADVISOR - The RAM <Mram_sseg_temp> will be implemented on LUTs either because you have described an asynchronous read or because of currently unsupported block RAM features. If you have described an asynchronous read, making it synchronous would allow you to take advantage of available block RAM resources, for optimized device usage and improved timings. Please refer to your documentation for coding guidelines.
    -----------------------------------------------------------------------
    | ram_type           | Distributed                         |          |
    -----------------------------------------------------------------------
    | Port A                                                              |
    |     aspect ratio   | 16-word x 7-bit                     |          |
    |     weA            | connected to signal <GND>           | high     |
    |     addrA          | connected to signal <in>            |          |
    |     diA            | connected to signal <GND>           |          |
    |     doA            | connected to signal <sseg_temp>     |          |
    -----------------------------------------------------------------------
Unit <SevenSegDeco> synthesized (advanced).

=========================================================================
Advanced HDL Synthesis Report

Macro Statistics
# RAMs                                                 : 1
 16x7-bit single-port distributed Read Only RAM        : 1
# Counters                                             : 5
 19-bit up counter                                     : 3
 27-bit up counter                                     : 1
 4-bit updown counter                                  : 1
# Registers                                            : 3
 Flip-Flops                                            : 3
# Comparators                                          : 2
 27-bit comparator greater                             : 1
 27-bit comparator lessequal                           : 1
# FSMs                                                 : 4

=========================================================================

=========================================================================
*                         Low Level Synthesis                           *
=========================================================================
INFO:Xst:2146 - In block <Chip>, Counter <db/db2/q_reg> <db/db3/q_reg> <db/db1/q_reg> are equivalent, XST will keep only <db/db2/q_reg>.
Analyzing FSM <MFsm> for best encoding.
Optimizing FSM <FSM_0> on signal <state_reg[1:3]> with user encoding.
Optimizing FSM <FSM_0> on signal <state_reg[1:3]> with user encoding.
Optimizing FSM <FSM_0> on signal <state_reg[1:3]> with user encoding.
-------------------
 State | Encoding
-------------------
 000   | 000
 001   | 001
 010   | 010
 011   | 011
 100   | 100
 101   | 101
 110   | 110
 111   | 111
-------------------
Analyzing FSM <MFsm> for best encoding.
Optimizing FSM <FSM_1> on signal <state[1:2]> with gray encoding.
-------------------
 State | Encoding
-------------------
 00    | 00
 01    | 01
 10    | 11
 11    | 10
-------------------

Optimizing unit <Chip> ...

Optimizing unit <FourBitCounter> ...
INFO:Xst:2261 - The FF/Latch <db/db2/q_reg_0> in Unit <Chip> is equivalent to the following FF/Latch, which will be removed : <count/frecuency_divider/counter_0> 
INFO:Xst:2261 - The FF/Latch <db/db2/q_reg_1> in Unit <Chip> is equivalent to the following FF/Latch, which will be removed : <count/frecuency_divider/counter_1> 
INFO:Xst:2261 - The FF/Latch <db/db2/q_reg_2> in Unit <Chip> is equivalent to the following FF/Latch, which will be removed : <count/frecuency_divider/counter_2> 
INFO:Xst:2261 - The FF/Latch <db/db2/q_reg_3> in Unit <Chip> is equivalent to the following FF/Latch, which will be removed : <count/frecuency_divider/counter_3> 
INFO:Xst:2261 - The FF/Latch <db/db2/q_reg_4> in Unit <Chip> is equivalent to the following FF/Latch, which will be removed : <count/frecuency_divider/counter_4> 
INFO:Xst:2261 - The FF/Latch <db/db2/q_reg_5> in Unit <Chip> is equivalent to the following FF/Latch, which will be removed : <count/frecuency_divider/counter_5> 
INFO:Xst:2261 - The FF/Latch <db/db2/q_reg_6> in Unit <Chip> is equivalent to the following FF/Latch, which will be removed : <count/frecuency_divider/counter_6> 
INFO:Xst:2261 - The FF/Latch <db/db2/q_reg_7> in Unit <Chip> is equivalent to the following FF/Latch, which will be removed : <count/frecuency_divider/counter_7> 

Mapping all equations...
Building and optimizing final netlist ...
Found area constraint ratio of 100 (+ 5) on block Chip, actual ratio is 1.

Final Macro Processing ...

=========================================================================
Final Register Report

Macro Statistics
# Registers                                            : 56
 Flip-Flops                                            : 56

=========================================================================

=========================================================================
*                           Partition Report                            *
=========================================================================

Partition Implementation Status
-------------------------------

  No Partitions were found in this design.

-------------------------------

=========================================================================
*                            Design Summary                             *
=========================================================================

Top Level Output File Name         : Chip.ngc

Primitive and Black Box Usage:
------------------------------
# BELS                             : 202
#      GND                         : 1
#      INV                         : 4
#      LUT1                        : 44
#      LUT2                        : 19
#      LUT3                        : 1
#      LUT4                        : 13
#      LUT5                        : 21
#      LUT6                        : 9
#      MUXCY                       : 51
#      VCC                         : 1
#      XORCY                       : 38
# FlipFlops/Latches                : 59
#      FD                          : 47
#      FDR                         : 5
#      FDRE                        : 4
#      LD                          : 3
# Clock Buffers                    : 1
#      BUFGP                       : 1
# IO Buffers                       : 16
#      IBUF                        : 3
#      OBUF                        : 13

Device utilization summary:
---------------------------

Selected Device : 6slx16csg324-3 


Slice Logic Utilization: 
 Number of Slice Registers:              59  out of  18224     0%  
 Number of Slice LUTs:                  111  out of   9112     1%  
    Number used as Logic:               111  out of   9112     1%  

Slice Logic Distribution: 
 Number of LUT Flip Flop pairs used:    113
   Number with an unused Flip Flop:      54  out of    113    47%  
   Number with an unused LUT:             2  out of    113     1%  
   Number of fully used LUT-FF pairs:    57  out of    113    50%  
   Number of unique control sets:         6

IO Utilization: 
 Number of IOs:                          17
 Number of bonded IOBs:                  17  out of    232     7%  

Specific Feature Utilization:
 Number of BUFG/BUFGCTRLs:                1  out of     16     6%  

---------------------------
Partition Resource Summary:
---------------------------

  No Partitions were found in this design.

---------------------------


=========================================================================
Timing Report

NOTE: THESE TIMING NUMBERS ARE ONLY A SYNTHESIS ESTIMATE.
      FOR ACCURATE TIMING INFORMATION PLEASE REFER TO THE TRACE REPORT
      GENERATED AFTER PLACE-and-ROUTE.

Clock Information:
------------------
-----------------------------------------------------+---------------------------+-------+
Clock Signal                                         | Clock buffer(FF name)     | Load  |
-----------------------------------------------------+---------------------------+-------+
Fsm/state[1]_GND_7_o_Mux_16_o(Fsm/state__n0035<4>1:O)| NONE(*)(Fsm/forward)      | 2     |
clk_100MHz                                           | BUFGP                     | 51    |
Fsm/state_FSM_FFd2                                   | NONE(Fsm/killStateMachine)| 1     |
count/frecuency_divider/clk_1Hz                      | NONE(count/counter/out_3) | 5     |
-----------------------------------------------------+---------------------------+-------+
(*) This 1 clock signal(s) are generated by combinatorial logic,
and XST is not able to identify which are the primary clock signals.
Please use the CLOCK_SIGNAL constraint to specify the clock signal(s) generated by combinatorial logic.
INFO:Xst:2169 - HDL ADVISOR - Some clock signals were not automatically buffered by XST with BUFG/BUFR resources. Please use the buffer_type constraint in order to insert these buffers to the clock signals to help prevent skew problems.

Asynchronous Control Signals Information:
----------------------------------------
No asynchronous control signals found in this design

Timing Summary:
---------------
Speed Grade: -3

   Minimum period: 3.781ns (Maximum Frequency: 264.491MHz)
   Minimum input arrival time before clock: 2.522ns
   Maximum output required time after clock: 5.005ns
   Maximum combinational path delay: No path found

Timing Details:
---------------
All values displayed in nanoseconds (ns)

=========================================================================
Timing constraint: Default period analysis for Clock 'clk_100MHz'
  Clock period: 3.781ns (frequency: 264.491MHz)
  Total number of paths / destination ports: 1741 / 55
-------------------------------------------------------------------------
Delay:               3.781ns (Levels of Logic = 3)
  Source:            db/db2/q_reg_13 (FF)
  Destination:       db/db3/state_reg_FSM_FFd3 (FF)
  Source Clock:      clk_100MHz rising
  Destination Clock: clk_100MHz rising

  Data Path: db/db2/q_reg_13 to db/db3/state_reg_FSM_FFd3
                                Gate     Net
    Cell:in->out      fanout   Delay   Delay  Logical Name (Net Name)
    ----------------------------------------  ------------
     FD:C->Q               2   0.447   0.981  db/db2/q_reg_13 (db/db2/q_reg_13)
     LUT6:I0->O            1   0.203   0.808  db/db1/m_tick<18>12 (db/db1/m_tick<18>11)
     LUT4:I1->O            9   0.205   0.830  db/db1/m_tick<18>14 (db/db1/m_tick)
     LUT5:I4->O            1   0.205   0.000  db/db3/state_reg_FSM_FFd1-In1 (db/db3/state_reg_FSM_FFd1-In)
     FD:D                      0.102          db/db3/state_reg_FSM_FFd1
    ----------------------------------------
    Total                      3.781ns (1.162ns logic, 2.619ns route)
                                       (30.7% logic, 69.3% route)

=========================================================================
Timing constraint: Default period analysis for Clock 'count/frecuency_divider/clk_1Hz'
  Clock period: 2.933ns (frequency: 340.971MHz)
  Total number of paths / destination ports: 39 / 9
-------------------------------------------------------------------------
Delay:               2.933ns (Levels of Logic = 1)
  Source:            count/counter/out_2 (FF)
  Destination:       count/counter/out_3 (FF)
  Source Clock:      count/frecuency_divider/clk_1Hz rising
  Destination Clock: count/frecuency_divider/clk_1Hz rising

  Data Path: count/counter/out_2 to count/counter/out_3
                                Gate     Net
    Cell:in->out      fanout   Delay   Delay  Logical Name (Net Name)
    ----------------------------------------  ------------
     FDRE:C->Q            12   0.447   1.137  count/counter/out_2 (count/counter/out_2)
     LUT6:I3->O            5   0.205   0.714  count/counter/_n003911 (count/counter/_n0039)
     FDRE:R                    0.430          count/counter/out_3
    ----------------------------------------
    Total                      2.933ns (1.082ns logic, 1.851ns route)
                                       (36.9% logic, 63.1% route)

=========================================================================
Timing constraint: Default OFFSET IN BEFORE for Clock 'clk_100MHz'
  Total number of paths / destination ports: 9 / 9
-------------------------------------------------------------------------
Offset:              2.522ns (Levels of Logic = 2)
  Source:            regressive (PAD)
  Destination:       db/db3/state_reg_FSM_FFd3 (FF)
  Destination Clock: clk_100MHz rising

  Data Path: regressive to db/db3/state_reg_FSM_FFd3
                                Gate     Net
    Cell:in->out      fanout   Delay   Delay  Logical Name (Net Name)
    ----------------------------------------  ------------
     IBUF:I->O             3   1.222   0.995  regressive_IBUF (regressive_IBUF)
     LUT5:I0->O            1   0.203   0.000  db/db3/state_reg_FSM_FFd1-In1 (db/db3/state_reg_FSM_FFd1-In)
     FD:D                      0.102          db/db3/state_reg_FSM_FFd1
    ----------------------------------------
    Total                      2.522ns (1.527ns logic, 0.995ns route)
                                       (60.5% logic, 39.5% route)

=========================================================================
Timing constraint: Default OFFSET OUT AFTER for Clock 'count/frecuency_divider/clk_1Hz'
  Total number of paths / destination ports: 29 / 8
-------------------------------------------------------------------------
Offset:              5.005ns (Levels of Logic = 2)
  Source:            count/counter/out_0 (FF)
  Destination:       a (PAD)
  Source Clock:      count/frecuency_divider/clk_1Hz rising

  Data Path: count/counter/out_0 to a
                                Gate     Net
    Cell:in->out      fanout   Delay   Delay  Logical Name (Net Name)
    ----------------------------------------  ------------
     FDRE:C->Q            14   0.447   1.205  count/counter/out_0 (count/counter/out_0)
     LUT4:I0->O            1   0.203   0.579  count/deco/Mram_sseg_temp41 (e_OBUF)
     OBUF:I->O                 2.571          e_OBUF (e)
    ----------------------------------------
    Total                      5.005ns (3.221ns logic, 1.784ns route)
                                       (64.4% logic, 35.6% route)

=========================================================================

Cross Clock Domains Report:
--------------------------

Clock to Setup on destination clock Fsm/state[1]_GND_7_o_Mux_16_o
---------------+---------+---------+---------+---------+
               | Src:Rise| Src:Fall| Src:Rise| Src:Fall|
Source Clock   |Dest:Rise|Dest:Rise|Dest:Fall|Dest:Fall|
---------------+---------+---------+---------+---------+
clk_100MHz     |         |         |    1.536|         |
---------------+---------+---------+---------+---------+

Clock to Setup on destination clock Fsm/state_FSM_FFd2
---------------+---------+---------+---------+---------+
               | Src:Rise| Src:Fall| Src:Rise| Src:Fall|
Source Clock   |Dest:Rise|Dest:Rise|Dest:Fall|Dest:Fall|
---------------+---------+---------+---------+---------+
clk_100MHz     |    1.565|         |         |         |
---------------+---------+---------+---------+---------+

Clock to Setup on destination clock clk_100MHz
-------------------------------+---------+---------+---------+---------+
                               | Src:Rise| Src:Fall| Src:Rise| Src:Fall|
Source Clock                   |Dest:Rise|Dest:Rise|Dest:Fall|Dest:Fall|
-------------------------------+---------+---------+---------+---------+
Fsm/state_FSM_FFd2             |    2.309|         |         |         |
clk_100MHz                     |    3.781|         |         |         |
count/frecuency_divider/clk_1Hz|    2.499|         |         |         |
-------------------------------+---------+---------+---------+---------+

Clock to Setup on destination clock count/frecuency_divider/clk_1Hz
-------------------------------+---------+---------+---------+---------+
                               | Src:Rise| Src:Fall| Src:Rise| Src:Fall|
Source Clock                   |Dest:Rise|Dest:Rise|Dest:Fall|Dest:Fall|
-------------------------------+---------+---------+---------+---------+
Fsm/state[1]_GND_7_o_Mux_16_o  |         |    2.963|         |         |
count/frecuency_divider/clk_1Hz|    2.933|         |         |         |
-------------------------------+---------+---------+---------+---------+

=========================================================================


Total REAL time to Xst completion: 7.00 secs
Total CPU time to Xst completion: 6.91 secs
 
--> 

Total memory usage is 278868 kilobytes

Number of errors   :    0 (   0 filtered)
Number of warnings :   11 (   0 filtered)
Number of infos    :   12 (   0 filtered)

