Release 14.7 - xst P.20131013 (nt64)
Copyright (c) 1995-2013 Xilinx, Inc.  All rights reserved.
--> Parameter TMPDIR set to xst/projnav.tmp


Total REAL time to Xst completion: 0.00 secs
Total CPU time to Xst completion: 0.18 secs
 
--> Parameter xsthdpdir set to xst


Total REAL time to Xst completion: 0.00 secs
Total CPU time to Xst completion: 0.18 secs
 
--> Reading design: FrecuencyDivider.prj

TABLE OF CONTENTS
  1) Synthesis Options Summary
  2) HDL Parsing
  3) HDL Elaboration
  4) HDL Synthesis
       4.1) HDL Synthesis Report
  5) Advanced HDL Synthesis
       5.1) Advanced HDL Synthesis Report
  6) Low Level Synthesis
  7) Partition Report
  8) Design Summary
       8.1) Primitive and Black Box Usage
       8.2) Device utilization summary
       8.3) Partition Resource Summary
       8.4) Timing Report
            8.4.1) Clock Information
            8.4.2) Asynchronous Control Signals Information
            8.4.3) Timing Summary
            8.4.4) Timing Details
            8.4.5) Cross Clock Domains Report


=========================================================================
*                      Synthesis Options Summary                        *
=========================================================================
---- Source Parameters
Input File Name                    : "FrecuencyDivider.prj"
Ignore Synthesis Constraint File   : NO

---- Target Parameters
Output File Name                   : "FrecuencyDivider"
Output Format                      : NGC
Target Device                      : xc6slx16-3-csg324

---- Source Options
Top Module Name                    : FrecuencyDivider
Automatic FSM Extraction           : YES
FSM Encoding Algorithm             : Auto
Safe Implementation                : No
FSM Style                          : LUT
RAM Extraction                     : Yes
RAM Style                          : Auto
ROM Extraction                     : Yes
Shift Register Extraction          : YES
ROM Style                          : Auto
Resource Sharing                   : YES
Asynchronous To Synchronous        : NO
Shift Register Minimum Size        : 2
Use DSP Block                      : Auto
Automatic Register Balancing       : No

---- Target Options
LUT Combining                      : Auto
Reduce Control Sets                : Auto
Add IO Buffers                     : YES
Global Maximum Fanout              : 100000
Add Generic Clock Buffer(BUFG)     : 16
Register Duplication               : YES
Optimize Instantiated Primitives   : NO
Use Clock Enable                   : Auto
Use Synchronous Set                : Auto
Use Synchronous Reset              : Auto
Pack IO Registers into IOBs        : Auto
Equivalent register Removal        : YES

---- General Options
Optimization Goal                  : Speed
Optimization Effort                : 1
Power Reduction                    : NO
Keep Hierarchy                     : No
Netlist Hierarchy                  : As_Optimized
RTL Output                         : Yes
Global Optimization                : AllClockNets
Read Cores                         : YES
Write Timing Constraints           : NO
Cross Clock Analysis               : NO
Hierarchy Separator                : /
Bus Delimiter                      : <>
Case Specifier                     : Maintain
Slice Utilization Ratio            : 100
BRAM Utilization Ratio             : 100
DSP48 Utilization Ratio            : 100
Auto BRAM Packing                  : NO
Slice Utilization Ratio Delta      : 5

=========================================================================


=========================================================================
*                          HDL Parsing                                  *
=========================================================================
Analyzing Verilog file "C:\Users\Sebastian\Documents\workspace\Contador7Segmentos\FrecuencyDivider.v" into library work
Parsing module <FrecuencyDivider>.

=========================================================================
*                            HDL Elaboration                            *
=========================================================================

Elaborating module <FrecuencyDivider>.
WARNING:HDLCompiler:413 - "C:\Users\Sebastian\Documents\workspace\Contador7Segmentos\FrecuencyDivider.v" Line 46: Result of 28-bit expression is truncated to fit in 27-bit target.
WARNING:HDLCompiler:413 - "C:\Users\Sebastian\Documents\workspace\Contador7Segmentos\FrecuencyDivider.v" Line 51: Result of 28-bit expression is truncated to fit in 27-bit target.

=========================================================================
*                           HDL Synthesis                               *
=========================================================================

Synthesizing Unit <FrecuencyDivider>.
    Related source file is "C:\Users\Sebastian\Documents\workspace\Contador7Segmentos\FrecuencyDivider.v".
    Found 1-bit register for signal <clk_1Hz>.
    Found 27-bit register for signal <counter>.
    Found 27-bit adder for signal <counter[26]_GND_1_o_add_4_OUT> created at line 51.
    Found 27-bit comparator greater for signal <PWR_1_o_counter[26]_LessThan_2_o> created at line 38
    Found 27-bit comparator lessequal for signal <counter[26]_GND_1_o_LessThan_3_o> created at line 43
    Summary:
	inferred   1 Adder/Subtractor(s).
	inferred  28 D-type flip-flop(s).
	inferred   2 Comparator(s).
Unit <FrecuencyDivider> synthesized.

=========================================================================
HDL Synthesis Report

Macro Statistics
# Adders/Subtractors                                   : 1
 27-bit adder                                          : 1
# Registers                                            : 2
 1-bit register                                        : 1
 27-bit register                                       : 1
# Comparators                                          : 2
 27-bit comparator greater                             : 1
 27-bit comparator lessequal                           : 1

=========================================================================

=========================================================================
*                       Advanced HDL Synthesis                          *
=========================================================================


Synthesizing (advanced) Unit <FrecuencyDivider>.
The following registers are absorbed into counter <counter>: 1 register on signal <counter>.
Unit <FrecuencyDivider> synthesized (advanced).

=========================================================================
Advanced HDL Synthesis Report

Macro Statistics
# Counters                                             : 1
 27-bit up counter                                     : 1
# Registers                                            : 1
 Flip-Flops                                            : 1
# Comparators                                          : 2
 27-bit comparator greater                             : 1
 27-bit comparator lessequal                           : 1

=========================================================================

=========================================================================
*                         Low Level Synthesis                           *
=========================================================================

Optimizing unit <FrecuencyDivider> ...

Mapping all equations...
Building and optimizing final netlist ...
Found area constraint ratio of 100 (+ 5) on block FrecuencyDivider, actual ratio is 0.

Final Macro Processing ...

=========================================================================
Final Register Report

Macro Statistics
# Registers                                            : 28
 Flip-Flops                                            : 28

=========================================================================

=========================================================================
*                           Partition Report                            *
=========================================================================

Partition Implementation Status
-------------------------------

  No Partitions were found in this design.

-------------------------------

=========================================================================
*                            Design Summary                             *
=========================================================================

Top Level Output File Name         : FrecuencyDivider.ngc

Primitive and Black Box Usage:
------------------------------
# BELS                             : 127
#      GND                         : 1
#      INV                         : 1
#      LUT1                        : 26
#      LUT2                        : 24
#      LUT4                        : 2
#      LUT5                        : 11
#      LUT6                        : 1
#      MUXCY                       : 33
#      VCC                         : 1
#      XORCY                       : 27
# FlipFlops/Latches                : 28
#      FD                          : 23
#      FDR                         : 5
# Clock Buffers                    : 1
#      BUFGP                       : 1
# IO Buffers                       : 28
#      OBUF                        : 28

Device utilization summary:
---------------------------

Selected Device : 6slx16csg324-3 


Slice Logic Utilization: 
 Number of Slice Registers:              28  out of  18224     0%  
 Number of Slice LUTs:                   65  out of   9112     0%  
    Number used as Logic:                65  out of   9112     0%  

Slice Logic Distribution: 
 Number of LUT Flip Flop pairs used:     65
   Number with an unused Flip Flop:      37  out of     65    56%  
   Number with an unused LUT:             0  out of     65     0%  
   Number of fully used LUT-FF pairs:    28  out of     65    43%  
   Number of unique control sets:         2

IO Utilization: 
 Number of IOs:                          29
 Number of bonded IOBs:                  29  out of    232    12%  

Specific Feature Utilization:
 Number of BUFG/BUFGCTRLs:                1  out of     16     6%  

---------------------------
Partition Resource Summary:
---------------------------

  No Partitions were found in this design.

---------------------------


=========================================================================
Timing Report

NOTE: THESE TIMING NUMBERS ARE ONLY A SYNTHESIS ESTIMATE.
      FOR ACCURATE TIMING INFORMATION PLEASE REFER TO THE TRACE REPORT
      GENERATED AFTER PLACE-and-ROUTE.

Clock Information:
------------------
-----------------------------------+------------------------+-------+
Clock Signal                       | Clock buffer(FF name)  | Load  |
-----------------------------------+------------------------+-------+
clk_100MHz                         | BUFGP                  | 28    |
-----------------------------------+------------------------+-------+

Asynchronous Control Signals Information:
----------------------------------------
No asynchronous control signals found in this design

Timing Summary:
---------------
Speed Grade: -3

   Minimum period: 3.539ns (Maximum Frequency: 282.554MHz)
   Minimum input arrival time before clock: No path found
   Maximum output required time after clock: 3.732ns
   Maximum combinational path delay: No path found

Timing Details:
---------------
All values displayed in nanoseconds (ns)

=========================================================================
Timing constraint: Default period analysis for Clock 'clk_100MHz'
  Clock period: 3.539ns (frequency: 282.554MHz)
  Total number of paths / destination ports: 1770 / 33
-------------------------------------------------------------------------
Delay:               3.539ns (Levels of Logic = 7)
  Source:            counter_8 (FF)
  Destination:       clk_1Hz (FF)
  Source Clock:      clk_100MHz rising
  Destination Clock: clk_100MHz rising

  Data Path: counter_8 to clk_1Hz
                                Gate     Net
    Cell:in->out      fanout   Delay   Delay  Logical Name (Net Name)
    ----------------------------------------  ------------
     FD:C->Q               5   0.447   1.059  counter_8 (counter_8)
     LUT5:I0->O            1   0.203   0.000  Mcompar_PWR_1_o_counter[26]_LessThan_2_o_lut<1> (Mcompar_PWR_1_o_counter[26]_LessThan_2_o_lut<1>)
     MUXCY:S->O            1   0.172   0.000  Mcompar_PWR_1_o_counter[26]_LessThan_2_o_cy<1> (Mcompar_PWR_1_o_counter[26]_LessThan_2_o_cy<1>)
     MUXCY:CI->O           1   0.019   0.000  Mcompar_PWR_1_o_counter[26]_LessThan_2_o_cy<2> (Mcompar_PWR_1_o_counter[26]_LessThan_2_o_cy<2>)
     MUXCY:CI->O           1   0.019   0.000  Mcompar_PWR_1_o_counter[26]_LessThan_2_o_cy<3> (Mcompar_PWR_1_o_counter[26]_LessThan_2_o_cy<3>)
     MUXCY:CI->O           1   0.019   0.000  Mcompar_PWR_1_o_counter[26]_LessThan_2_o_cy<4> (Mcompar_PWR_1_o_counter[26]_LessThan_2_o_cy<4>)
     MUXCY:CI->O          24   0.019   1.277  Mcompar_PWR_1_o_counter[26]_LessThan_2_o_cy<5> (Mcompar_PWR_1_o_counter[26]_LessThan_2_o_cy<5>)
     LUT5:I3->O            1   0.203   0.000  clk_1Hz_rstpot (clk_1Hz_rstpot)
     FD:D                      0.102          clk_1Hz
    ----------------------------------------
    Total                      3.539ns (1.203ns logic, 2.336ns route)
                                       (34.0% logic, 66.0% route)

=========================================================================
Timing constraint: Default OFFSET OUT AFTER for Clock 'clk_100MHz'
  Total number of paths / destination ports: 28 / 28
-------------------------------------------------------------------------
Offset:              3.732ns (Levels of Logic = 1)
  Source:            counter_24 (FF)
  Destination:       counter<24> (PAD)
  Source Clock:      clk_100MHz rising

  Data Path: counter_24 to counter<24>
                                Gate     Net
    Cell:in->out      fanout   Delay   Delay  Logical Name (Net Name)
    ----------------------------------------  ------------
     FDR:C->Q              5   0.447   0.714  counter_24 (counter_24)
     OBUF:I->O                 2.571          counter_24_OBUF (counter<24>)
    ----------------------------------------
    Total                      3.732ns (3.018ns logic, 0.714ns route)
                                       (80.9% logic, 19.1% route)

=========================================================================

Cross Clock Domains Report:
--------------------------

Clock to Setup on destination clock clk_100MHz
---------------+---------+---------+---------+---------+
               | Src:Rise| Src:Fall| Src:Rise| Src:Fall|
Source Clock   |Dest:Rise|Dest:Rise|Dest:Fall|Dest:Fall|
---------------+---------+---------+---------+---------+
clk_100MHz     |    3.539|         |         |         |
---------------+---------+---------+---------+---------+

=========================================================================


Total REAL time to Xst completion: 7.00 secs
Total CPU time to Xst completion: 6.95 secs
 
--> 

Total memory usage is 278868 kilobytes

Number of errors   :    0 (   0 filtered)
Number of warnings :    2 (   0 filtered)
Number of infos    :    0 (   0 filtered)

